CL	VMID	RT	CO	IID	TY		ST			TC	TA	TT	SL	NJ	JR	UT	SR	ID
-----------------------------------------------------------------------------------------------------------------------------------------------------
338	1	237	$1.6	VM-1	m3.xlarge	VM_ST_TERMINATE (3103)	101	139	338	38	1	198	0.835	0.160	0.004
607	2	406	$0.8	VM-2	m3.large	VM_ST_TERMINATE (3103)	201	249	607	48	1	357	0.879	0.118	0.002
783	5	282	$1.6	VM-5	m3.xlarge	VM_ST_TERMINATE (3103)	501	550	783	49	1	232	0.823	0.174	0.004
790	4	389	$0.8	VM-4	m3.large	VM_ST_TERMINATE (3103)	401	432	790	31	1	357	0.918	0.080	0.003
864	6	263	$1.6	VM-6	m3.xlarge	VM_ST_TERMINATE (3103)	601	631	864	30	1	232	0.882	0.114	0.004
1029	3	728	$0.4	VM-3	m3.medium	VM_ST_TERMINATE (3103)	301	358	1029	57	1	670	0.920	0.078	0.001
1202	7	501	$1.6	VM-7	m3.xlarge	VM_ST_TERMINATE (3103)	701	737	1202	36	2	464	0.926	0.072	0.002
1292	9	191	$1.6	VM-9	m3.xlarge	VM_ST_TERMINATE (3103)	1101	1157	1292	56	1	134	0.702	0.293	0.005
1318	8	517	$1.6	VM-8	m3.xlarge	VM_ST_TERMINATE (3103)	801	853	1318	52	2	464	0.897	0.101	0.002
1468	10	267	$1.6	VM-10	m3.xlarge	VM_ST_TERMINATE (3103)	1201	1235	1468	34	1	232	0.869	0.127	0.004
1585	11	284	$1.6	VM-11	m3.xlarge	VM_ST_TERMINATE (3103)	1301	1352	1585	51	1	232	0.817	0.180	0.004
1675	12	274	$1.6	VM-12	m3.xlarge	VM_ST_TERMINATE (3103)	1401	1442	1675	41	1	232	0.847	0.150	0.004
1773	13	272	$1.6	VM-13	m3.xlarge	VM_ST_TERMINATE (3103)	1501	1540	1773	39	1	232	0.853	0.143	0.004
1845	14	244	$1.6	VM-14	m3.xlarge	VM_ST_TERMINATE (3103)	1601	1646	1845	45	1	198	0.811	0.184	0.004
2049	15	348	$0.8	VM-15	m3.large	VM_ST_TERMINATE (3103)	1701	1742	2049	41	1	306	0.879	0.118	0.003
2166	16	365	$0.8	VM-16	m3.large	VM_ST_TERMINATE (3103)	1801	1859	2166	58	1	306	0.838	0.159	0.003
2355	19	254	$1.6	VM-19	m3.xlarge	VM_ST_TERMINATE (3103)	2101	2156	2355	55	1	198	0.780	0.217	0.004
2615	20	414	$0.8	VM-20	m3.large	VM_ST_TERMINATE (3103)	2201	2257	2615	56	1	357	0.862	0.135	0.002
2783	17	882	$0.2	VM-17	t2.small	VM_ST_TERMINATE (3103)	1901	1934	2783	33	1	848	0.961	0.037	0.001
2793	22	392	$0.8	VM-22	m3.large	VM_ST_TERMINATE (3103)	2401	2435	2793	34	1	357	0.911	0.087	0.003
2794	23	293	$1.6	VM-23	m3.xlarge	VM_ST_TERMINATE (3103)	2501	2561	2794	60	1	232	0.792	0.205	0.003
2877	24	276	$1.6	VM-24	m3.xlarge	VM_ST_TERMINATE (3103)	2601	2644	2877	43	1	232	0.841	0.156	0.004
2884	18	883	$0.2	VM-18	t2.small	VM_ST_TERMINATE (3103)	2001	2035	2884	34	1	848	0.960	0.039	0.001
3006	21	705	$0.4	VM-21	m3.medium	VM_ST_TERMINATE (3103)	2301	2335	3006	34	1	670	0.950	0.048	0.001
3205	25	504	$1.6	VM-25	m3.xlarge	VM_ST_TERMINATE (3103)	2701	2740	3205	39	2	464	0.921	0.077	0.002
3322	26	521	$1.6	VM-26	m3.xlarge	VM_ST_TERMINATE (3103)	2801	2857	3322	56	2	464	0.891	0.107	0.002
3365	27	264	$1.6	VM-27	m3.xlarge	VM_ST_TERMINATE (3103)	3101	3132	3365	31	1	232	0.879	0.117	0.004
3490	28	289	$1.6	VM-28	m3.xlarge	VM_ST_TERMINATE (3103)	3201	3257	3490	56	1	232	0.803	0.194	0.003
3564	29	263	$1.6	VM-29	m3.xlarge	VM_ST_TERMINATE (3103)	3301	3331	3564	30	1	232	0.882	0.114	0.004
3687	30	286	$1.6	VM-30	m3.xlarge	VM_ST_TERMINATE (3103)	3401	3454	3687	53	1	232	0.811	0.185	0.003
3767	31	266	$1.6	VM-31	m3.xlarge	VM_ST_TERMINATE (3103)	3501	3534	3767	33	1	232	0.872	0.124	0.004
3837	32	236	$1.6	VM-32	m3.xlarge	VM_ST_TERMINATE (3103)	3601	3638	3837	37	1	198	0.839	0.157	0.004
3985	34	184	$0.8	VM-34	m3.large	VM_ST_TERMINATE (3103)	3801	3840	3985	39	1	144	0.783	0.212	0.005
4046	33	345	$0.8	VM-33	m3.large	VM_ST_TERMINATE (3103)	3701	3739	4046	38	1	306	0.887	0.110	0.003
4255	37	154	$1.6	VM-37	m3.xlarge	VM_ST_TERMINATE (3103)	4101	4151	4255	50	1	103	0.669	0.325	0.006
4598	38	397	$0.8	VM-38	m3.large	VM_ST_TERMINATE (3103)	4201	4240	4598	39	1	357	0.899	0.098	0.003
4779	41	278	$1.6	VM-41	m3.xlarge	VM_ST_TERMINATE (3103)	4501	4546	4779	45	1	232	0.835	0.162	0.004
4790	35	889	$0.2	VM-35	t2.small	VM_ST_TERMINATE (3103)	3901	3941	4790	40	1	848	0.954	0.045	0.001
4791	40	390	$0.8	VM-40	m3.large	VM_ST_TERMINATE (3103)	4401	4433	4791	32	1	357	0.915	0.082	0.003
4890	42	289	$1.6	VM-42	m3.xlarge	VM_ST_TERMINATE (3103)	4601	4657	4890	56	1	232	0.803	0.194	0.003
4894	36	893	$0.2	VM-36	t2.small	VM_ST_TERMINATE (3103)	4001	4045	4894	44	1	848	0.950	0.049	0.001
5009	39	708	$0.4	VM-39	m3.medium	VM_ST_TERMINATE (3103)	4301	4338	5009	37	1	670	0.946	0.052	0.001
5201	43	500	$1.6	VM-43	m3.xlarge	VM_ST_TERMINATE (3103)	4701	4736	5201	35	2	464	0.928	0.070	0.002
5310	44	509	$1.6	VM-44	m3.xlarge	VM_ST_TERMINATE (3103)	4801	4845	5310	44	2	464	0.912	0.086	0.002
5364	45	263	$1.6	VM-45	m3.xlarge	VM_ST_TERMINATE (3103)	5101	5131	5364	30	1	232	0.882	0.114	0.004
5476	46	275	$1.6	VM-46	m3.xlarge	VM_ST_TERMINATE (3103)	5201	5243	5476	42	1	232	0.844	0.153	0.004
5586	47	285	$1.6	VM-47	m3.xlarge	VM_ST_TERMINATE (3103)	5301	5353	5586	52	1	232	0.814	0.182	0.004
5681	48	280	$1.6	VM-48	m3.xlarge	VM_ST_TERMINATE (3103)	5401	5448	5681	47	1	232	0.829	0.168	0.004
5778	49	277	$1.6	VM-49	m3.xlarge	VM_ST_TERMINATE (3103)	5501	5545	5778	44	1	232	0.838	0.159	0.004
5849	50	248	$1.6	VM-50	m3.xlarge	VM_ST_TERMINATE (3103)	5601	5650	5849	49	1	198	0.798	0.198	0.004
6052	51	351	$0.8	VM-51	m3.large	VM_ST_TERMINATE (3103)	5701	5745	6052	44	1	306	0.872	0.125	0.003
6163	52	362	$0.8	VM-52	m3.large	VM_ST_TERMINATE (3103)	5801	5856	6163	55	1	306	0.845	0.152	0.003
6354	55	253	$1.6	VM-55	m3.xlarge	VM_ST_TERMINATE (3103)	6101	6155	6354	54	1	198	0.783	0.213	0.004
6612	56	411	$0.8	VM-56	m3.large	VM_ST_TERMINATE (3103)	6201	6254	6612	53	1	357	0.869	0.129	0.002
6764	59	263	$1.6	VM-59	m3.xlarge	VM_ST_TERMINATE (3103)	6501	6531	6764	30	1	232	0.882	0.114	0.004
6782	53	881	$0.2	VM-53	t2.small	VM_ST_TERMINATE (3103)	5901	5933	6782	32	1	848	0.963	0.036	0.001
6801	58	400	$0.8	VM-58	m3.large	VM_ST_TERMINATE (3103)	6401	6443	6801	42	1	357	0.892	0.105	0.003
6864	60	263	$1.6	VM-60	m3.xlarge	VM_ST_TERMINATE (3103)	6601	6631	6864	30	1	232	0.882	0.114	0.004
6902	54	901	$0.2	VM-54	t2.small	VM_ST_TERMINATE (3103)	6001	6053	6902	52	1	848	0.941	0.058	0.001
7030	57	729	$0.4	VM-57	m3.medium	VM_ST_TERMINATE (3103)	6301	6359	7030	58	1	670	0.919	0.080	0.001
7209	61	508	$1.6	VM-61	m3.xlarge	VM_ST_TERMINATE (3103)	6701	6744	7209	43	2	464	0.913	0.085	0.002
7317	62	516	$1.6	VM-62	m3.xlarge	VM_ST_TERMINATE (3103)	6801	6852	7317	51	2	464	0.899	0.099	0.002
7380	63	279	$1.6	VM-63	m3.xlarge	VM_ST_TERMINATE (3103)	7101	7147	7380	46	1	232	0.832	0.165	0.004
7474	64	273	$1.6	VM-64	m3.xlarge	VM_ST_TERMINATE (3103)	7201	7241	7474	40	1	232	0.850	0.147	0.004
7568	65	267	$1.6	VM-65	m3.xlarge	VM_ST_TERMINATE (3103)	7301	7335	7568	34	1	232	0.869	0.127	0.004
7671	66	270	$1.6	VM-66	m3.xlarge	VM_ST_TERMINATE (3103)	7401	7438	7671	37	1	232	0.859	0.137	0.004
7767	67	266	$1.6	VM-67	m3.xlarge	VM_ST_TERMINATE (3103)	7501	7534	7767	33	1	232	0.872	0.124	0.004
7830	68	229	$1.6	VM-68	m3.xlarge	VM_ST_TERMINATE (3103)	7601	7631	7830	30	1	198	0.865	0.131	0.004
8049	69	348	$0.8	VM-69	m3.large	VM_ST_TERMINATE (3103)	7701	7742	8049	41	1	306	0.879	0.118	0.003
8146	70	345	$0.8	VM-70	m3.large	VM_ST_TERMINATE (3103)	7801	7839	8146	38	1	306	0.887	0.110	0.003
8224	71	323	$0.2	VM-71	t2.small	VM_ST_TERMINATE (3103)	7901	7941	8224	40	1	282	0.873	0.124	0.003
8334	73	233	$1.6	VM-73	m3.xlarge	VM_ST_TERMINATE (3103)	8101	8135	8334	34	1	198	0.850	0.146	0.004
8613	74	412	$0.8	VM-74	m3.large	VM_ST_TERMINATE (3103)	8201	8255	8613	54	1	357	0.867	0.131	0.002
8781	77	280	$1.6	VM-77	m3.xlarge	VM_ST_TERMINATE (3103)	8501	8548	8781	47	1	232	0.829	0.168	0.004
8793	76	392	$0.8	VM-76	m3.large	VM_ST_TERMINATE (3103)	8401	8435	8793	34	1	357	0.911	0.087	0.003
8881	78	280	$1.6	VM-78	m3.xlarge	VM_ST_TERMINATE (3103)	8601	8648	8881	47	1	232	0.829	0.168	0.004
8884	72	883	$0.2	VM-72	t2.small	VM_ST_TERMINATE (3103)	8001	8035	8884	34	1	848	0.960	0.039	0.001
9032	75	731	$0.4	VM-75	m3.medium	VM_ST_TERMINATE (3103)	8301	8361	9032	60	1	670	0.917	0.082	0.001
9219	79	518	$1.6	VM-79	m3.xlarge	VM_ST_TERMINATE (3103)	8701	8754	9219	53	2	464	0.896	0.102	0.002
9319	80	518	$1.6	VM-80	m3.xlarge	VM_ST_TERMINATE (3103)	8801	8854	9319	53	2	464	0.896	0.102	0.002
9377	81	276	$1.6	VM-81	m3.xlarge	VM_ST_TERMINATE (3103)	9101	9144	9377	43	1	232	0.841	0.156	0.004
9472	82	271	$1.6	VM-82	m3.xlarge	VM_ST_TERMINATE (3103)	9201	9239	9472	38	1	232	0.856	0.140	0.004
9565	83	264	$1.6	VM-83	m3.xlarge	VM_ST_TERMINATE (3103)	9301	9332	9565	31	1	232	0.879	0.117	0.004
9678	84	277	$1.6	VM-84	m3.xlarge	VM_ST_TERMINATE (3103)	9401	9445	9678	44	1	232	0.838	0.159	0.004
9743	86	142	$1.6	VM-86	m3.xlarge	VM_ST_TERMINATE (3103)	9601	9661	9743	60	1	81	0.570	0.423	0.007
9788	85	287	$1.6	VM-85	m3.xlarge	VM_ST_TERMINATE (3103)	9501	9555	9788	54	1	232	0.808	0.188	0.003
10050	87	349	$0.8	VM-87	m3.large	VM_ST_TERMINATE (3103)	9701	9743	10050	42	1	306	0.877	0.120	0.003
10147	88	346	$0.8	VM-88	m3.large	VM_ST_TERMINATE (3103)	9801	9840	10147	39	1	306	0.884	0.113	0.003
10782	89	881	$0.2	VM-89	t2.small	VM_ST_TERMINATE (3103)	9901	9933	10782	32	1	848	0.963	0.036	0.001
10887	90	886	$0.2	VM-90	t2.small	VM_ST_TERMINATE (3103)	10001	10038	10887	37	1	848	0.957	0.042	0.001
