CL	JN	SDR	DL	IFD		IFS(KB)	OFD		OFS(KB)		EOT
---------------------------------------------------------------------------------------------
101	job-1	200	300	IFTD_IC (4202)	52428800	OFTD_IC (4204)	52428800		0
201	job-2	200	600	IFTD_OC (4203)	52428800	OFTD_IC (4204)	52428800		0
301	job-3	200	900	IFTD_OC (4203)	52428800	OFTD_IC (4204)	52428800		0
401	job-4	200	550	IFTD_OC (4203)	52428800	OFTD_IC (4204)	52428800		0
501	job-5	200	200	IFTD_OC (4203)	52428800	OFTD_IC (4204)	52428800		0
601	job-6	200	200	IFTD_OC (4203)	52428800	OFTD_IC (4204)	52428800		0
701	job-7	200	220	IFTD_OC (4203)	52428800	OFTD_IC (4204)	52428800		0
801	job-8	200	220	IFTD_OC (4203)	52428800	OFTD_IC (4204)	52428800		0
901	job-9	200	320	IFTD_OC (4203)	52428800	OFTD_IC (4204)	52428800		0
1001	job-10	200	320	IFTD_OC (4203)	52428800	OFTD_IC (4204)	52428800		0
1101	job-11	200	380	IFTD_OC (4203)	52428800	OFTD_IC (4204)	52428800		163
1201	job-12	200	380	IFTD_OC (4203)	52428800	OFTD_IC (4204)	52428800		0
1301	job-13	200	380	IFTD_OC (4203)	52428800	OFTD_IC (4204)	52428800		0
1401	job-14	200	220	IFTD_OC (4203)	52428800	OFTD_IC (4204)	52428800		0
1501	job-15	200	220	IFTD_OC (4203)	52428800	OFTD_IC (4204)	52428800		0
1601	job-16	200	320	IFTD_IC (4202)	52428800	OFTD_IC (4204)	52428800		0
1701	job-17	200	520	IFTD_IC (4202)	52428800	OFTD_IC (4204)	52428800		0
1801	job-18	200	580	IFTD_IC (4202)	52428800	OFTD_IC (4204)	52428800		0
1901	job-19	200	980	IFTD_IC (4202)	52428800	OFTD_IC (4204)	52428800		0
2001	job-20	200	980	IFTD_IC (4202)	52428800	OFTD_IC (4204)	52428800		0
2101	job-21	200	300	IFTD_IC (4202)	52428800	OFTD_IC (4204)	52428800		0
2201	job-22	200	600	IFTD_OC (4203)	52428800	OFTD_IC (4204)	52428800		0
2301	job-23	200	900	IFTD_OC (4203)	52428800	OFTD_IC (4204)	52428800		0
2401	job-24	200	550	IFTD_OC (4203)	52428800	OFTD_IC (4204)	52428800		0
2501	job-25	200	200	IFTD_OC (4203)	52428800	OFTD_IC (4204)	52428800		0
2601	job-26	200	200	IFTD_OC (4203)	52428800	OFTD_IC (4204)	52428800		0
2701	job-27	200	220	IFTD_OC (4203)	52428800	OFTD_IC (4204)	52428800		0
2801	job-28	200	220	IFTD_OC (4203)	52428800	OFTD_IC (4204)	52428800		0
2901	job-29	200	320	IFTD_OC (4203)	52428800	OFTD_IC (4204)	52428800		45
3001	job-30	200	320	IFTD_OC (4203)	52428800	OFTD_IC (4204)	52428800		0
3101	job-31	200	380	IFTD_OC (4203)	52428800	OFTD_IC (4204)	52428800		0
3201	job-32	200	380	IFTD_OC (4203)	52428800	OFTD_IC (4204)	52428800		0
3301	job-33	200	380	IFTD_OC (4203)	52428800	OFTD_IC (4204)	52428800		0
3401	job-34	200	220	IFTD_OC (4203)	52428800	OFTD_IC (4204)	52428800		0
3501	job-35	200	220	IFTD_OC (4203)	52428800	OFTD_IC (4204)	52428800		0
3601	job-36	200	320	IFTD_IC (4202)	52428800	OFTD_IC (4204)	52428800		0
3701	job-37	200	520	IFTD_IC (4202)	52428800	OFTD_IC (4204)	52428800		0
3801	job-38	200	580	IFTD_IC (4202)	52428800	OFTD_IC (4204)	52428800		0
3901	job-39	200	980	IFTD_IC (4202)	52428800	OFTD_IC (4204)	52428800		0
4001	job-40	200	980	IFTD_IC (4202)	52428800	OFTD_IC (4204)	52428800		0
4101	job-41	200	300	IFTD_IC (4202)	52428800	OFTD_IC (4204)	52428800		0
4201	job-42	200	600	IFTD_OC (4203)	52428800	OFTD_IC (4204)	52428800		0
4301	job-43	200	900	IFTD_OC (4203)	52428800	OFTD_IC (4204)	52428800		0
4401	job-44	200	550	IFTD_OC (4203)	52428800	OFTD_IC (4204)	52428800		0
4501	job-45	200	200	IFTD_OC (4203)	52428800	OFTD_IC (4204)	52428800		0
4601	job-46	200	200	IFTD_OC (4203)	52428800	OFTD_IC (4204)	52428800		0
4701	job-47	200	220	IFTD_OC (4203)	52428800	OFTD_IC (4204)	52428800		0
4801	job-48	200	220	IFTD_OC (4203)	52428800	OFTD_IC (4204)	52428800		100
4901	job-49	200	320	IFTD_OC (4203)	52428800	OFTD_IC (4204)	52428800		0
5001	job-50	200	320	IFTD_OC (4203)	52428800	OFTD_IC (4204)	52428800		0
5101	job-51	200	380	IFTD_OC (4203)	52428800	OFTD_IC (4204)	52428800		0
5201	job-52	200	380	IFTD_OC (4203)	52428800	OFTD_IC (4204)	52428800		0
5301	job-53	200	380	IFTD_OC (4203)	52428800	OFTD_IC (4204)	52428800		0
5401	job-54	200	220	IFTD_OC (4203)	52428800	OFTD_IC (4204)	52428800		0
5501	job-55	200	220	IFTD_OC (4203)	52428800	OFTD_IC (4204)	52428800		0
5601	job-56	200	320	IFTD_IC (4202)	52428800	OFTD_IC (4204)	52428800		0
5701	job-57	200	520	IFTD_IC (4202)	52428800	OFTD_IC (4204)	52428800		0
5801	job-58	200	580	IFTD_IC (4202)	52428800	OFTD_IC (4204)	52428800		0
5901	job-59	200	980	IFTD_IC (4202)	52428800	OFTD_IC (4204)	52428800		0
6001	job-60	200	980	IFTD_IC (4202)	52428800	OFTD_IC (4204)	52428800		0
6101	job-61	200	300	IFTD_IC (4202)	52428800	OFTD_IC (4204)	52428800		0
6201	job-62	200	600	IFTD_OC (4203)	52428800	OFTD_IC (4204)	52428800		0
6301	job-63	200	900	IFTD_OC (4203)	52428800	OFTD_IC (4204)	52428800		0
6401	job-64	200	550	IFTD_OC (4203)	52428800	OFTD_IC (4204)	52428800		0
6501	job-65	200	200	IFTD_OC (4203)	52428800	OFTD_IC (4204)	52428800		0
6601	job-66	200	200	IFTD_OC (4203)	52428800	OFTD_IC (4204)	52428800		0
6701	job-67	200	220	IFTD_OC (4203)	52428800	OFTD_IC (4204)	52428800		0
6801	job-68	200	220	IFTD_OC (4203)	52428800	OFTD_IC (4204)	52428800		0
6901	job-69	200	320	IFTD_OC (4203)	52428800	OFTD_IC (4204)	52428800		0
7001	job-70	200	320	IFTD_OC (4203)	52428800	OFTD_IC (4204)	52428800		0
7101	job-71	200	380	IFTD_OC (4203)	52428800	OFTD_IC (4204)	52428800		0
7201	job-72	200	380	IFTD_OC (4203)	52428800	OFTD_IC (4204)	52428800		0
7301	job-73	200	380	IFTD_OC (4203)	52428800	OFTD_IC (4204)	52428800		0
7401	job-74	200	220	IFTD_OC (4203)	52428800	OFTD_IC (4204)	52428800		0
7501	job-75	200	220	IFTD_OC (4203)	52428800	OFTD_IC (4204)	52428800		0
7601	job-76	200	320	IFTD_IC (4202)	52428800	OFTD_IC (4204)	52428800		0
7701	job-77	200	520	IFTD_IC (4202)	52428800	OFTD_IC (4204)	52428800		0
7801	job-78	200	580	IFTD_IC (4202)	52428800	OFTD_IC (4204)	52428800		0
7901	job-79	200	980	IFTD_IC (4202)	52428800	OFTD_IC (4204)	52428800		165
8001	job-80	200	980	IFTD_IC (4202)	52428800	OFTD_IC (4204)	52428800		0
8101	job-81	200	300	IFTD_IC (4202)	52428800	OFTD_IC (4204)	52428800		74
8201	job-82	200	600	IFTD_OC (4203)	52428800	OFTD_IC (4204)	52428800		0
8301	job-83	200	900	IFTD_OC (4203)	52428800	OFTD_IC (4204)	52428800		0
8401	job-84	200	550	IFTD_OC (4203)	52428800	OFTD_IC (4204)	52428800		0
8501	job-85	200	200	IFTD_OC (4203)	52428800	OFTD_IC (4204)	52428800		0
8601	job-86	200	200	IFTD_OC (4203)	52428800	OFTD_IC (4204)	52428800		0
8701	job-87	200	220	IFTD_OC (4203)	52428800	OFTD_IC (4204)	52428800		0
8801	job-88	200	220	IFTD_OC (4203)	52428800	OFTD_IC (4204)	52428800		0
8901	job-89	200	320	IFTD_OC (4203)	52428800	OFTD_IC (4204)	52428800		0
9001	job-90	200	320	IFTD_OC (4203)	52428800	OFTD_IC (4204)	52428800		0
9101	job-91	200	380	IFTD_OC (4203)	52428800	OFTD_IC (4204)	52428800		0
9201	job-92	200	380	IFTD_OC (4203)	52428800	OFTD_IC (4204)	52428800		0
9301	job-93	200	380	IFTD_OC (4203)	52428800	OFTD_IC (4204)	52428800		0
9401	job-94	200	220	IFTD_OC (4203)	52428800	OFTD_IC (4204)	52428800		0
9501	job-95	200	220	IFTD_OC (4203)	52428800	OFTD_IC (4204)	52428800		0
9601	job-96	200	320	IFTD_IC (4202)	52428800	OFTD_IC (4204)	52428800		0
9701	job-97	200	520	IFTD_IC (4202)	52428800	OFTD_IC (4204)	52428800		0
9801	job-98	200	580	IFTD_IC (4202)	52428800	OFTD_IC (4204)	52428800		0
9901	job-99	200	980	IFTD_IC (4202)	52428800	OFTD_IC (4204)	52428800		0
10001	job-100	200	980	IFTD_IC (4202)	52428800	OFTD_IC (4204)	52428800		0
