CL	ID	JN	ADR	DL	IFD			IFS(KB)	OFD			OFS(KB)		SJFT
-----------------------------------------------------------------------------------------------------------------------
101	1	job-1	200	300	IFTD_IC (4202)		524288	OFTD_IC (4204)		524288		0
201	2	job-2	200	600	IFTD_OC (4203)		524288	OFTD_IC (4204)		524288		0
301	3	job-3	200	900	IFTD_OC (4203)		524288	OFTD_IC (4204)		524288		0
401	4	job-4	200	550	IFTD_OC (4203)		524288	OFTD_IC (4204)		524288		0
501	5	job-5	200	200	IFTD_OC (4203)		524288	OFTD_IC (4204)		524288		0
601	6	job-6	200	200	IFTD_OC (4203)		524288	OFTD_IC (4204)		524288		0
701	7	job-7	200	220	IFTD_OC (4203)		524288	OFTD_IC (4204)		524288		0
801	8	job-8	200	220	IFTD_OC (4203)		524288	OFTD_IC (4204)		524288		0
901	9	job-9	200	320	IFTD_OC (4203)		524288	OFTD_IC (4204)		524288		0
1001	10	job-10	200	320	IFTD_OC (4203)		524288	OFTD_IC (4204)		524288		0
1101	11	job-11	200	380	IFTD_OC (4203)		524288	OFTD_IC (4204)		524288		160
1201	12	job-12	200	380	IFTD_OC (4203)		524288	OFTD_IC (4204)		524288		0
1301	13	job-13	200	380	IFTD_OC (4203)		524288	OFTD_IC (4204)		524288		0
1401	14	job-14	200	220	IFTD_OC (4203)		524288	OFTD_IC (4204)		524288		0
1501	15	job-15	200	220	IFTD_OC (4203)		524288	OFTD_IC (4204)		524288		0
1601	16	job-16	200	320	IFTD_IC (4202)		524288	OFTD_IC (4204)		524288		0
1701	17	job-17	200	520	IFTD_IC (4202)		524288	OFTD_IC (4204)		524288		0
1801	18	job-18	200	580	IFTD_IC (4202)		524288	OFTD_IC (4204)		524288		0
1901	19	job-19	200	980	IFTD_IC (4202)		524288	OFTD_IC (4204)		524288		0
2001	20	job-20	200	980	IFTD_IC (4202)		524288	OFTD_IC (4204)		524288		0
2101	21	job-21	200	300	IFTD_IC (4202)		524288	OFTD_IC (4204)		524288		0
2201	22	job-22	200	600	IFTD_OC (4203)		524288	OFTD_IC (4204)		524288		0
2301	23	job-23	200	900	IFTD_OC (4203)		524288	OFTD_IC (4204)		524288		0
2401	24	job-24	200	550	IFTD_OC (4203)		524288	OFTD_IC (4204)		524288		0
2501	25	job-25	200	200	IFTD_OC (4203)		524288	OFTD_IC (4204)		524288		0
2601	26	job-26	200	200	IFTD_OC (4203)		524288	OFTD_IC (4204)		524288		0
2701	27	job-27	200	220	IFTD_OC (4203)		524288	OFTD_IC (4204)		524288		0
2801	28	job-28	200	220	IFTD_OC (4203)		524288	OFTD_IC (4204)		524288		0
2901	29	job-29	200	320	IFTD_OC (4203)		524288	OFTD_IC (4204)		524288		0
3001	30	job-30	200	320	IFTD_OC (4203)		524288	OFTD_IC (4204)		524288		0
3101	31	job-31	200	380	IFTD_OC (4203)		524288	OFTD_IC (4204)		524288		51
3201	32	job-32	200	380	IFTD_OC (4203)		524288	OFTD_IC (4204)		524288		0
3301	33	job-33	200	380	IFTD_OC (4203)		524288	OFTD_IC (4204)		524288		0
3401	34	job-34	200	220	IFTD_OC (4203)		524288	OFTD_IC (4204)		524288		0
3501	35	job-35	200	220	IFTD_OC (4203)		524288	OFTD_IC (4204)		524288		0
3601	36	job-36	200	320	IFTD_IC (4202)		524288	OFTD_IC (4204)		524288		0
3701	37	job-37	200	520	IFTD_IC (4202)		524288	OFTD_IC (4204)		524288		0
3801	38	job-38	200	580	IFTD_IC (4202)		524288	OFTD_IC (4204)		524288		0
3901	39	job-39	200	980	IFTD_IC (4202)		524288	OFTD_IC (4204)		524288		0
4001	40	job-40	200	980	IFTD_IC (4202)		524288	OFTD_IC (4204)		524288		0
4101	41	job-41	200	300	IFTD_IC (4202)		524288	OFTD_IC (4204)		524288		0
4201	42	job-42	200	600	IFTD_OC (4203)		524288	OFTD_IC (4204)		524288		0
4301	43	job-43	200	900	IFTD_OC (4203)		524288	OFTD_IC (4204)		524288		0
4401	44	job-44	200	550	IFTD_OC (4203)		524288	OFTD_IC (4204)		524288		0
4501	45	job-45	200	200	IFTD_OC (4203)		524288	OFTD_IC (4204)		524288		0
4601	46	job-46	200	200	IFTD_OC (4203)		524288	OFTD_IC (4204)		524288		0
4701	47	job-47	200	220	IFTD_OC (4203)		524288	OFTD_IC (4204)		524288		0
4801	48	job-48	200	220	IFTD_OC (4203)		524288	OFTD_IC (4204)		524288		0
4901	49	job-49	200	320	IFTD_OC (4203)		524288	OFTD_IC (4204)		524288		0
5001	50	job-50	200	320	IFTD_OC (4203)		524288	OFTD_IC (4204)		524288		0
5101	51	job-51	200	380	IFTD_OC (4203)		524288	OFTD_IC (4204)		524288		142
5201	52	job-52	200	380	IFTD_OC (4203)		524288	OFTD_IC (4204)		524288		0
5301	53	job-53	200	380	IFTD_OC (4203)		524288	OFTD_IC (4204)		524288		0
5401	54	job-54	200	220	IFTD_OC (4203)		524288	OFTD_IC (4204)		524288		0
5501	55	job-55	200	220	IFTD_OC (4203)		524288	OFTD_IC (4204)		524288		0
5601	56	job-56	200	320	IFTD_IC (4202)		524288	OFTD_IC (4204)		524288		0
5701	57	job-57	200	520	IFTD_IC (4202)		524288	OFTD_IC (4204)		524288		0
5801	58	job-58	200	580	IFTD_IC (4202)		524288	OFTD_IC (4204)		524288		0
5901	59	job-59	200	980	IFTD_IC (4202)		524288	OFTD_IC (4204)		524288		0
6001	60	job-60	200	980	IFTD_IC (4202)		524288	OFTD_IC (4204)		524288		0
6101	61	job-61	200	300	IFTD_IC (4202)		524288	OFTD_IC (4204)		524288		169
6201	62	job-62	200	600	IFTD_OC (4203)		524288	OFTD_IC (4204)		524288		0
6301	63	job-63	200	900	IFTD_OC (4203)		524288	OFTD_IC (4204)		524288		0
6401	64	job-64	200	550	IFTD_OC (4203)		524288	OFTD_IC (4204)		524288		0
6501	65	job-65	200	200	IFTD_OC (4203)		524288	OFTD_IC (4204)		524288		0
6601	66	job-66	200	200	IFTD_OC (4203)		524288	OFTD_IC (4204)		524288		0
6701	67	job-67	200	220	IFTD_OC (4203)		524288	OFTD_IC (4204)		524288		0
6801	68	job-68	200	220	IFTD_OC (4203)		524288	OFTD_IC (4204)		524288		0
6901	69	job-69	200	320	IFTD_OC (4203)		524288	OFTD_IC (4204)		524288		0
7001	70	job-70	200	320	IFTD_OC (4203)		524288	OFTD_IC (4204)		524288		0
7101	71	job-71	200	380	IFTD_OC (4203)		524288	OFTD_IC (4204)		524288		0
7201	72	job-72	200	380	IFTD_OC (4203)		524288	OFTD_IC (4204)		524288		0
7301	73	job-73	200	380	IFTD_OC (4203)		524288	OFTD_IC (4204)		524288		0
7401	74	job-74	200	220	IFTD_OC (4203)		524288	OFTD_IC (4204)		524288		0
7501	75	job-75	200	220	IFTD_OC (4203)		524288	OFTD_IC (4204)		524288		0
7601	76	job-76	200	320	IFTD_IC (4202)		524288	OFTD_IC (4204)		524288		0
7701	77	job-77	200	520	IFTD_IC (4202)		524288	OFTD_IC (4204)		524288		0
7801	78	job-78	200	580	IFTD_IC (4202)		524288	OFTD_IC (4204)		524288		0
7901	79	job-79	200	980	IFTD_IC (4202)		524288	OFTD_IC (4204)		524288		0
8001	80	job-80	200	980	IFTD_IC (4202)		524288	OFTD_IC (4204)		524288		0
8101	81	job-81	200	300	IFTD_IC (4202)		524288	OFTD_IC (4204)		524288		0
8201	82	job-82	200	600	IFTD_OC (4203)		524288	OFTD_IC (4204)		524288		0
8301	83	job-83	200	900	IFTD_OC (4203)		524288	OFTD_IC (4204)		524288		0
8401	84	job-84	200	550	IFTD_OC (4203)		524288	OFTD_IC (4204)		524288		0
8501	85	job-85	200	200	IFTD_OC (4203)		524288	OFTD_IC (4204)		524288		0
8601	86	job-86	200	200	IFTD_OC (4203)		524288	OFTD_IC (4204)		524288		0
8701	87	job-87	200	220	IFTD_OC (4203)		524288	OFTD_IC (4204)		524288		0
8801	88	job-88	200	220	IFTD_OC (4203)		524288	OFTD_IC (4204)		524288		0
8901	89	job-89	200	320	IFTD_OC (4203)		524288	OFTD_IC (4204)		524288		0
9001	90	job-90	200	320	IFTD_OC (4203)		524288	OFTD_IC (4204)		524288		0
9101	91	job-91	200	380	IFTD_OC (4203)		524288	OFTD_IC (4204)		524288		0
9201	92	job-92	200	380	IFTD_OC (4203)		524288	OFTD_IC (4204)		524288		60
9301	93	job-93	200	380	IFTD_OC (4203)		524288	OFTD_IC (4204)		524288		0
9401	94	job-94	200	220	IFTD_OC (4203)		524288	OFTD_IC (4204)		524288		0
9501	95	job-95	200	220	IFTD_OC (4203)		524288	OFTD_IC (4204)		524288		0
9601	96	job-96	200	320	IFTD_IC (4202)		524288	OFTD_IC (4204)		524288		0
9701	97	job-97	200	520	IFTD_IC (4202)		524288	OFTD_IC (4204)		524288		0
9801	98	job-98	200	580	IFTD_IC (4202)		524288	OFTD_IC (4204)		524288		0
9901	99	job-99	200	980	IFTD_IC (4202)		524288	OFTD_IC (4204)		524288		0
10001	100	job-100	200	980	IFTD_IC (4202)		524288	OFTD_IC (4204)		524288		0
