CL	VMID	RT	CO	IID	TY		ST			TC	TA	TT	SL	NJ	JR	UT	SR	ID
-----------------------------------------------------------------------------------------------------------------------------------------------------
671	2	270	$1.6	VM-2	m3.xlarge	VM_ST_TERMINATE (3103)	401	438	671	37	1	232	0.859	0.137	0.004
771	3	270	$1.6	VM-3	m3.xlarge	VM_ST_TERMINATE (3103)	501	538	771	37	1	232	0.859	0.137	0.004
808	1	707	$1.6	VM-1	m3.xlarge	VM_ST_TERMINATE (3103)	101	145	808	44	3	662	0.936	0.062	0.001
868	4	267	$1.6	VM-4	m3.xlarge	VM_ST_TERMINATE (3103)	601	635	868	34	1	232	0.869	0.127	0.004
991	5	290	$1.6	VM-5	m3.xlarge	VM_ST_TERMINATE (3103)	701	758	991	57	1	232	0.800	0.197	0.003
1547	6	746	$1.6	VM-6	m3.xlarge	VM_ST_TERMINATE (3103)	801	850	1547	49	3	696	0.933	0.066	0.001
1561	7	660	$1.6	VM-7	m3.xlarge	VM_ST_TERMINATE (3103)	901	945	1561	44	3	615	0.932	0.067	0.002
2619	9	1118	$1.6	VM-9	m3.xlarge	VM_ST_TERMINATE (3103)	1501	1560	2619	59	5	1058	0.946	0.053	0.001
2748	8	1347	$1.6	VM-8	m3.xlarge	VM_ST_TERMINATE (3103)	1401	1457	2748	56	6	1290	0.958	0.042	0.001
2768	10	267	$1.6	VM-10	m3.xlarge	VM_ST_TERMINATE (3103)	2501	2535	2768	34	1	232	0.869	0.127	0.004
2864	11	263	$1.6	VM-11	m3.xlarge	VM_ST_TERMINATE (3103)	2601	2631	2864	30	1	232	0.882	0.114	0.004
3093	13	292	$1.6	VM-13	m3.xlarge	VM_ST_TERMINATE (3103)	2801	2860	3093	59	1	232	0.795	0.202	0.003
3506	14	505	$1.6	VM-14	m3.xlarge	VM_ST_TERMINATE (3103)	3001	3041	3506	40	2	464	0.919	0.079	0.002
3565	12	864	$1.6	VM-12	m3.xlarge	VM_ST_TERMINATE (3103)	2701	2749	3565	48	4	815	0.943	0.056	0.001
4608	16	1107	$1.6	VM-16	m3.xlarge	VM_ST_TERMINATE (3103)	3501	3549	4608	48	5	1058	0.956	0.043	0.001
4747	15	1346	$1.6	VM-15	m3.xlarge	VM_ST_TERMINATE (3103)	3401	3456	4747	55	6	1290	0.958	0.041	0.001
4791	17	290	$1.6	VM-17	m3.xlarge	VM_ST_TERMINATE (3103)	4501	4558	4791	57	1	232	0.800	0.197	0.003
4879	18	278	$1.6	VM-18	m3.xlarge	VM_ST_TERMINATE (3103)	4601	4646	4879	45	1	232	0.835	0.162	0.004
4993	19	292	$1.6	VM-19	m3.xlarge	VM_ST_TERMINATE (3103)	4701	4760	4993	59	1	232	0.795	0.202	0.003
5549	20	748	$1.6	VM-20	m3.xlarge	VM_ST_TERMINATE (3103)	4801	4852	5549	51	3	696	0.930	0.068	0.001
5557	21	656	$1.6	VM-21	m3.xlarge	VM_ST_TERMINATE (3103)	4901	4946	5557	45	3	610	0.930	0.069	0.002
6301	23	800	$1.6	VM-23	m3.xlarge	VM_ST_TERMINATE (3103)	5501	5552	6301	51	4	748	0.935	0.064	0.001
6693	24	292	$1.6	VM-24	m3.xlarge	VM_ST_TERMINATE (3103)	6401	6460	6693	59	1	232	0.795	0.202	0.003
6752	22	1351	$1.6	VM-22	m3.xlarge	VM_ST_TERMINATE (3103)	5401	5461	6752	60	6	1290	0.955	0.044	0.001
6786	25	285	$1.6	VM-25	m3.xlarge	VM_ST_TERMINATE (3103)	6501	6553	6786	52	1	232	0.814	0.182	0.004
6866	26	265	$1.6	VM-26	m3.xlarge	VM_ST_TERMINATE (3103)	6601	6633	6866	32	1	232	0.875	0.121	0.004
7547	28	746	$1.6	VM-28	m3.xlarge	VM_ST_TERMINATE (3103)	6801	6850	7547	49	3	696	0.933	0.066	0.001
7671	27	970	$1.6	VM-27	m3.xlarge	VM_ST_TERMINATE (3103)	6701	6742	7671	41	4	928	0.957	0.042	0.001
8610	30	1109	$1.6	VM-30	m3.xlarge	VM_ST_TERMINATE (3103)	7501	7551	8610	50	5	1058	0.954	0.045	0.001
8725	29	1324	$1.6	VM-29	m3.xlarge	VM_ST_TERMINATE (3103)	7401	7434	8725	33	6	1290	0.974	0.025	0.001
8777	31	276	$1.6	VM-31	m3.xlarge	VM_ST_TERMINATE (3103)	8501	8544	8777	43	1	232	0.841	0.156	0.004
8873	32	272	$1.6	VM-32	m3.xlarge	VM_ST_TERMINATE (3103)	8601	8640	8873	39	1	232	0.853	0.143	0.004
8994	33	293	$1.6	VM-33	m3.xlarge	VM_ST_TERMINATE (3103)	8701	8761	8994	60	1	232	0.792	0.205	0.003
9426	34	625	$1.6	VM-34	m3.xlarge	VM_ST_TERMINATE (3103)	8801	8840	9426	39	3	585	0.936	0.062	0.002
9669	36	268	$1.6	VM-36	m3.xlarge	VM_ST_TERMINATE (3103)	9401	9436	9669	35	1	232	0.866	0.131	0.004
10164	37	663	$1.6	VM-37	m3.xlarge	VM_ST_TERMINATE (3103)	9501	9535	10164	34	3	628	0.947	0.051	0.002
10252	35	1351	$1.6	VM-35	m3.xlarge	VM_ST_TERMINATE (3103)	8901	8961	10252	60	6	1290	0.955	0.044	0.001
