CL	VMID	RT	CO	IID	TY		ST			TC	TA	TT	SL	NJ	JR	UT	SR	ID
-----------------------------------------------------------------------------------------------------------------------------------------------------
584	2	183	$1.6	VM-2	m3.xlarge	VM_ST_TERMINATE (3103)	401	454	584	53	1	129	0.705	0.290	0.005
773	3	272	$1.6	VM-3	m3.xlarge	VM_ST_TERMINATE (3103)	501	540	773	39	1	232	0.853	0.143	0.004
820	1	719	$1.6	VM-1	m3.xlarge	VM_ST_TERMINATE (3103)	101	157	820	56	3	662	0.921	0.078	0.001
866	4	265	$1.6	VM-4	m3.xlarge	VM_ST_TERMINATE (3103)	601	633	866	32	1	232	0.875	0.121	0.004
1092	6	291	$1.6	VM-6	m3.xlarge	VM_ST_TERMINATE (3103)	801	859	1092	58	1	232	0.797	0.199	0.003
1453	5	752	$1.6	VM-5	m3.xlarge	VM_ST_TERMINATE (3103)	701	756	1453	55	3	696	0.926	0.073	0.001
1498	7	497	$1.6	VM-7	m3.xlarge	VM_ST_TERMINATE (3103)	1001	1033	1498	32	2	464	0.934	0.064	0.002
1580	8	279	$1.6	VM-8	m3.xlarge	VM_ST_TERMINATE (3103)	1301	1347	1580	46	1	232	0.832	0.165	0.004
2619	10	1118	$1.6	VM-10	m3.xlarge	VM_ST_TERMINATE (3103)	1501	1560	2619	59	5	1058	0.946	0.053	0.001
2723	9	1322	$1.6	VM-9	m3.xlarge	VM_ST_TERMINATE (3103)	1401	1432	2723	31	6	1290	0.976	0.023	0.001
2768	11	267	$1.6	VM-11	m3.xlarge	VM_ST_TERMINATE (3103)	2501	2535	2768	34	1	232	0.869	0.127	0.004
2878	12	277	$1.6	VM-12	m3.xlarge	VM_ST_TERMINATE (3103)	2601	2645	2878	44	1	232	0.838	0.159	0.004
3537	14	736	$1.6	VM-14	m3.xlarge	VM_ST_TERMINATE (3103)	2801	2840	3537	39	3	696	0.946	0.053	0.001
3680	15	279	$1.6	VM-15	m3.xlarge	VM_ST_TERMINATE (3103)	3401	3447	3680	46	1	232	0.832	0.165	0.004
4541	16	1040	$1.6	VM-16	m3.xlarge	VM_ST_TERMINATE (3103)	3501	3554	4541	53	5	986	0.948	0.051	0.001
4719	13	2018	$1.6	VM-13	m3.xlarge	VM_ST_TERMINATE (3103)	2701	2732	4719	31	9	1986	0.984	0.015	0.000
4781	17	280	$1.6	VM-17	m3.xlarge	VM_ST_TERMINATE (3103)	4501	4548	4781	47	1	232	0.829	0.168	0.004
4893	18	292	$1.6	VM-18	m3.xlarge	VM_ST_TERMINATE (3103)	4601	4660	4893	59	1	232	0.795	0.202	0.003
5097	19	396	$1.6	VM-19	m3.xlarge	VM_ST_TERMINATE (3103)	4701	4734	5097	33	2	362	0.914	0.083	0.003
5535	20	734	$1.6	VM-20	m3.xlarge	VM_ST_TERMINATE (3103)	4801	4838	5535	37	3	696	0.948	0.050	0.001
5686	22	285	$1.6	VM-22	m3.xlarge	VM_ST_TERMINATE (3103)	5401	5453	5686	52	1	232	0.814	0.182	0.004
5801	21	700	$1.6	VM-21	m3.xlarge	VM_ST_TERMINATE (3103)	5101	5138	5801	37	3	662	0.946	0.053	0.001
6729	24	628	$1.6	VM-24	m3.xlarge	VM_ST_TERMINATE (3103)	6101	6158	6729	57	3	570	0.908	0.091	0.002
6784	25	283	$1.6	VM-25	m3.xlarge	VM_ST_TERMINATE (3103)	6501	6551	6784	50	1	232	0.820	0.177	0.004
6812	23	1311	$1.6	VM-23	m3.xlarge	VM_ST_TERMINATE (3103)	5501	5555	6812	54	6	1256	0.958	0.041	0.001
6866	26	265	$1.6	VM-26	m3.xlarge	VM_ST_TERMINATE (3103)	6601	6633	6866	32	1	232	0.875	0.121	0.004
7534	28	733	$1.6	VM-28	m3.xlarge	VM_ST_TERMINATE (3103)	6801	6837	7534	36	3	696	0.950	0.049	0.001
7678	29	277	$1.6	VM-29	m3.xlarge	VM_ST_TERMINATE (3103)	7401	7445	7678	44	1	232	0.838	0.159	0.004
8594	30	1093	$1.6	VM-30	m3.xlarge	VM_ST_TERMINATE (3103)	7501	7535	8594	34	5	1058	0.968	0.031	0.001
8723	27	2022	$1.6	VM-27	m3.xlarge	VM_ST_TERMINATE (3103)	6701	6736	8723	35	9	1986	0.982	0.017	0.000
8782	31	281	$1.6	VM-31	m3.xlarge	VM_ST_TERMINATE (3103)	8501	8549	8782	48	1	232	0.826	0.171	0.004
8889	32	288	$1.6	VM-32	m3.xlarge	VM_ST_TERMINATE (3103)	8601	8656	8889	55	1	232	0.806	0.191	0.003
8992	33	291	$1.6	VM-33	m3.xlarge	VM_ST_TERMINATE (3103)	8701	8759	8992	58	1	232	0.797	0.199	0.003
9457	34	656	$1.6	VM-34	m3.xlarge	VM_ST_TERMINATE (3103)	8801	8841	9457	40	3	615	0.938	0.061	0.002
9689	36	288	$1.6	VM-36	m3.xlarge	VM_ST_TERMINATE (3103)	9401	9456	9689	55	1	232	0.806	0.191	0.003
10187	37	686	$1.6	VM-37	m3.xlarge	VM_ST_TERMINATE (3103)	9501	9558	10187	57	3	628	0.915	0.083	0.001
10229	35	1328	$1.6	VM-35	m3.xlarge	VM_ST_TERMINATE (3103)	8901	8938	10229	37	6	1290	0.971	0.028	0.001
