CL	ID	JN	ADR	IN	CPU	OUT	DL	VM	TG	TA	TS	TC	TD	RT	DF	ST
------------------------------------------------------------------------------------------------------
491	1	job-1	334	137	60	137	300	1	101	101	157	491	390	334	-90	JOB_ST_COMPLETED (3004)
662	2	job-2	402	205	60	137	600	2	201	201	260	662	461	402	139	JOB_ST_COMPLETED (3004)
777	5	job-5	240	205	35	0	200	4	501	501	537	777	276	240	-76	JOB_ST_FAILED (3005)
893	4	job-4	402	205	60	137	550	1	401	401	491	893	492	402	58	JOB_ST_COMPLETED (3004)
949	3	job-3	613	308	100	205	900	3	301	301	336	949	648	613	252	JOB_ST_COMPLETED (3004)
1035	6	job-6	402	205	60	137	200	5	601	601	633	1035	434	402	-234	JOB_ST_COMPLETED (3004)
1154	7	job-7	402	205	60	137	220	6	701	701	752	1154	453	402	-233	JOB_ST_COMPLETED (3004)
1260	8	job-8	402	205	60	137	220	7	801	801	858	1260	459	402	-239	JOB_ST_COMPLETED (3004)
1345	9	job-9	402	205	60	137	320	8	901	901	943	1345	444	402	-124	JOB_ST_COMPLETED (3004)
1453	10	job-10	402	205	60	137	320	9	1001	1001	1051	1453	452	402	-132	JOB_ST_COMPLETED (3004)
1540	11	job-11	402	205	60	137	380	10	1101	1101	1138	1540	439	402	-59	JOB_ST_COMPLETED (3004)
1638	12	job-12	402	205	60	137	380	11	1201	1201	1236	1638	437	402	-57	JOB_ST_COMPLETED (3004)
1741	13	job-13	402	205	60	137	380	12	1301	1301	1339	1741	440	402	-60	JOB_ST_COMPLETED (3004)
1861	14	job-14	402	205	60	137	220	13	1401	1401	1459	1861	460	402	-240	JOB_ST_COMPLETED (3004)
1941	15	job-15	402	205	60	137	220	14	1501	1501	1539	1941	440	402	-220	JOB_ST_COMPLETED (3004)
1992	16	job-16	334	137	60	137	320	15	1601	1601	1658	1992	391	334	-71	JOB_ST_COMPLETED (3004)
2069	17	job-17	334	137	60	137	520	16	1701	1701	1735	2069	368	334	152	JOB_ST_COMPLETED (3004)
2370	18	job-18	510	205	100	205	580	17	1801	1801	1860	2370	569	510	11	JOB_ST_COMPLETED (3004)
2467	19	job-19	510	205	100	205	980	18	1901	1901	1957	2467	566	510	414	JOB_ST_COMPLETED (3004)
2483	21	job-21	334	137	60	137	300	20	2101	2101	2149	2483	382	334	-82	JOB_ST_COMPLETED (3004)
2545	20	job-20	510	205	100	205	980	19	2001	2001	2035	2545	544	510	436	JOB_ST_COMPLETED (3004)
2650	22	job-22	402	205	60	137	600	21	2201	2201	2248	2650	449	402	151	JOB_ST_COMPLETED (3004)
2885	24	job-24	402	205	60	137	550	20	2401	2401	2483	2885	484	402	66	JOB_ST_COMPLETED (3004)
2952	25	job-25	402	205	60	137	200	22	2501	2501	2550	2952	451	402	-251	JOB_ST_COMPLETED (3004)
2983	23	job-23	613	308	100	205	900	17	2301	2301	2370	2983	682	613	218	JOB_ST_COMPLETED (3004)
3039	26	job-26	402	205	60	137	200	23	2601	2601	2637	3039	438	402	-238	JOB_ST_COMPLETED (3004)
3142	27	job-27	402	205	60	137	220	24	2701	2701	2740	3142	441	402	-221	JOB_ST_COMPLETED (3004)
3184	29	job-29	232	205	27	0	320	22	2901	2901	2952	3184	283	232	37	JOB_ST_FAILED (3005)
3287	28	job-28	402	205	60	137	220	20	2801	2801	2885	3287	486	402	-266	JOB_ST_COMPLETED (3004)
3438	30	job-30	402	205	60	137	320	25	3001	3001	3036	3438	437	402	-117	JOB_ST_COMPLETED (3004)
3543	31	job-31	402	205	60	137	380	26	3101	3101	3141	3543	442	402	-62	JOB_ST_COMPLETED (3004)
3644	32	job-32	402	205	60	137	380	27	3201	3201	3242	3644	443	402	-63	JOB_ST_COMPLETED (3004)
3757	33	job-33	402	205	60	137	380	28	3301	3301	3355	3757	456	402	-76	JOB_ST_COMPLETED (3004)
3837	34	job-34	402	205	60	137	220	29	3401	3401	3435	3837	436	402	-216	JOB_ST_COMPLETED (3004)
3963	35	job-35	402	205	60	137	220	30	3501	3501	3561	3963	462	402	-242	JOB_ST_COMPLETED (3004)
3983	36	job-36	334	137	60	137	320	31	3601	3601	3649	3983	382	334	-62	JOB_ST_COMPLETED (3004)
4094	37	job-37	334	137	60	137	520	32	3701	3701	3760	4094	393	334	127	JOB_ST_COMPLETED (3004)
4356	38	job-38	510	205	100	205	580	33	3801	3801	3846	4356	555	510	25	JOB_ST_COMPLETED (3004)
4466	39	job-39	510	205	100	205	980	34	3901	3901	3956	4466	565	510	415	JOB_ST_COMPLETED (3004)
4495	41	job-41	334	137	60	137	300	36	4101	4101	4161	4495	394	334	-94	JOB_ST_COMPLETED (3004)
4556	40	job-40	510	205	100	205	980	35	4001	4001	4046	4556	555	510	425	JOB_ST_COMPLETED (3004)
4652	42	job-42	402	205	60	137	600	37	4201	4201	4250	4652	451	402	149	JOB_ST_COMPLETED (3004)
4771	45	job-45	214	205	9	0	200	38	4501	4501	4557	4771	270	214	-70	JOB_ST_FAILED (3005)
4897	44	job-44	402	205	60	137	550	36	4401	4401	4495	4897	496	402	54	JOB_ST_COMPLETED (3004)
4969	43	job-43	613	308	100	205	900	33	4301	4301	4356	4969	668	613	232	JOB_ST_COMPLETED (3004)
5060	46	job-46	402	205	60	137	200	39	4601	4601	4658	5060	459	402	-259	JOB_ST_COMPLETED (3004)
5156	47	job-47	402	205	60	137	220	40	4701	4701	4754	5156	455	402	-235	JOB_ST_COMPLETED (3004)
5234	48	job-48	402	205	60	137	220	41	4801	4801	4832	5234	433	402	-213	JOB_ST_COMPLETED (3004)
5362	49	job-49	402	205	60	137	320	42	4901	4901	4960	5362	461	402	-141	JOB_ST_COMPLETED (3004)
5440	50	job-50	402	205	60	137	320	43	5001	5001	5038	5440	439	402	-119	JOB_ST_COMPLETED (3004)
5536	51	job-51	402	205	60	137	380	44	5101	5101	5134	5536	435	402	-55	JOB_ST_COMPLETED (3004)
5662	52	job-52	402	205	60	137	380	45	5201	5201	5260	5662	461	402	-81	JOB_ST_COMPLETED (3004)
5747	53	job-53	402	205	60	137	380	46	5301	5301	5345	5747	446	402	-66	JOB_ST_COMPLETED (3004)
5837	54	job-54	402	205	60	137	220	47	5401	5401	5435	5837	436	402	-216	JOB_ST_COMPLETED (3004)
5962	55	job-55	402	205	60	137	220	48	5501	5501	5560	5962	461	402	-241	JOB_ST_COMPLETED (3004)
5991	56	job-56	334	137	60	137	320	49	5601	5601	5657	5991	390	334	-70	JOB_ST_COMPLETED (3004)
6087	57	job-57	334	137	60	137	520	50	5701	5701	5753	6087	386	334	134	JOB_ST_COMPLETED (3004)
6367	58	job-58	510	205	100	205	580	51	5801	5801	5857	6367	566	510	14	JOB_ST_COMPLETED (3004)
6461	59	job-59	510	205	100	205	980	52	5901	5901	5951	6461	560	510	420	JOB_ST_COMPLETED (3004)
6494	61	job-61	334	137	60	137	300	54	6101	6101	6160	6494	393	334	-93	JOB_ST_COMPLETED (3004)
6549	60	job-60	510	205	100	205	980	53	6001	6001	6039	6549	548	510	432	JOB_ST_COMPLETED (3004)
6651	62	job-62	402	205	60	137	600	55	6201	6201	6249	6651	450	402	150	JOB_ST_COMPLETED (3004)
6896	64	job-64	402	205	60	137	550	54	6401	6401	6494	6896	495	402	55	JOB_ST_COMPLETED (3004)
6933	65	job-65	402	205	60	137	200	56	6501	6501	6531	6933	432	402	-232	JOB_ST_COMPLETED (3004)
6980	63	job-63	613	308	100	205	900	51	6301	6301	6367	6980	679	613	221	JOB_ST_COMPLETED (3004)
7042	66	job-66	402	205	60	137	200	57	6601	6601	6640	7042	441	402	-241	JOB_ST_COMPLETED (3004)
7133	67	job-67	402	205	60	137	220	58	6701	6701	6731	7133	432	402	-212	JOB_ST_COMPLETED (3004)
7298	68	job-68	402	205	60	137	220	54	6801	6801	6896	7298	497	402	-277	JOB_ST_COMPLETED (3004)
7335	69	job-69	402	205	60	137	320	56	6901	6901	6933	7335	434	402	-114	JOB_ST_COMPLETED (3004)
7442	70	job-70	402	205	60	137	320	59	7001	7001	7040	7442	441	402	-121	JOB_ST_COMPLETED (3004)
7542	71	job-71	402	205	60	137	380	60	7101	7101	7140	7542	441	402	-61	JOB_ST_COMPLETED (3004)
7576	73	job-73	241	205	36	0	380	62	7301	7301	7335	7576	275	241	105	JOB_ST_FAILED (3005)
7648	72	job-72	402	205	60	137	380	61	7201	7201	7246	7648	447	402	-67	JOB_ST_COMPLETED (3004)
7852	74	job-74	402	205	60	137	220	63	7401	7401	7450	7852	451	402	-231	JOB_ST_COMPLETED (3004)
7936	75	job-75	402	205	60	137	220	64	7501	7501	7534	7936	435	402	-215	JOB_ST_COMPLETED (3004)
7965	76	job-76	334	137	60	137	320	65	7601	7601	7631	7965	364	334	-44	JOB_ST_COMPLETED (3004)
8066	77	job-77	334	137	60	137	520	66	7701	7701	7732	8066	365	334	155	JOB_ST_COMPLETED (3004)
8345	78	job-78	510	205	100	205	580	67	7801	7801	7835	8345	544	510	36	JOB_ST_COMPLETED (3004)
8453	79	job-79	510	205	100	205	980	68	7901	7901	7943	8453	552	510	428	JOB_ST_COMPLETED (3004)
8482	81	job-81	334	137	60	137	300	70	8101	8101	8148	8482	381	334	-81	JOB_ST_COMPLETED (3004)
8567	80	job-80	510	205	100	205	980	69	8001	8001	8057	8567	566	510	414	JOB_ST_COMPLETED (3004)
8646	82	job-82	402	205	60	137	600	71	8201	8201	8244	8646	445	402	155	JOB_ST_COMPLETED (3004)
8884	84	job-84	402	205	60	137	550	70	8401	8401	8482	8884	483	402	67	JOB_ST_COMPLETED (3004)
8944	85	job-85	402	205	60	137	200	72	8501	8501	8542	8944	443	402	-243	JOB_ST_COMPLETED (3004)
8958	83	job-83	613	308	100	205	900	67	8301	8301	8345	8958	657	613	243	JOB_ST_COMPLETED (3004)
9062	86	job-86	402	205	60	137	200	73	8601	8601	8660	9062	461	402	-261	JOB_ST_COMPLETED (3004)
9157	87	job-87	402	205	60	137	220	74	8701	8701	8755	9157	456	402	-236	JOB_ST_COMPLETED (3004)
9286	88	job-88	402	205	60	137	220	70	8801	8801	8884	9286	485	402	-265	JOB_ST_COMPLETED (3004)
9346	89	job-89	402	205	60	137	320	72	8901	8901	8944	9346	445	402	-125	JOB_ST_COMPLETED (3004)
9451	90	job-90	402	205	60	137	320	75	9001	9001	9049	9451	450	402	-130	JOB_ST_COMPLETED (3004)
9553	91	job-91	402	205	60	137	380	76	9101	9101	9151	9553	452	402	-72	JOB_ST_COMPLETED (3004)
9646	92	job-92	402	205	60	137	380	77	9201	9201	9244	9646	445	402	-65	JOB_ST_COMPLETED (3004)
9760	93	job-93	402	205	60	137	380	78	9301	9301	9358	9760	459	402	-79	JOB_ST_COMPLETED (3004)
9845	94	job-94	402	205	60	137	220	79	9401	9401	9443	9845	444	402	-224	JOB_ST_COMPLETED (3004)
9960	95	job-95	402	205	60	137	220	80	9501	9501	9558	9960	459	402	-239	JOB_ST_COMPLETED (3004)
9973	96	job-96	334	137	60	137	320	81	9601	9601	9639	9973	372	334	-52	JOB_ST_COMPLETED (3004)
10043	98	job-98	212	205	7	0	580	83	9801	9801	9831	10043	242	212	338	JOB_ST_FAILED (3005)
10080	97	job-97	334	137	60	137	520	82	9701	9701	9746	10080	379	334	141	JOB_ST_COMPLETED (3004)
10444	99	job-99	510	205	100	205	980	84	9901	9901	9934	10444	543	510	437	JOB_ST_COMPLETED (3004)
10561	100	job-100	510	205	100	205	980	85	10001	10001	10051	10561	560	510	420	JOB_ST_COMPLETED (3004)
