CL	VMID	RT	CO	IID	TY		ST			TC	TA	TT	SL	NJ	JR	UT	SR	ID
-----------------------------------------------------------------------------------------------------------------------------------------------------
663	2	462	$1.6	VM-2	m3.xlarge	VM_ST_TERMINATE (3103)	201	260	663	59	1	402	0.870	0.128	0.002
778	4	277	$1.6	VM-4	m3.xlarge	VM_ST_TERMINATE (3103)	501	537	778	36	1	240	0.866	0.130	0.004
894	1	793	$1.6	VM-1	m3.xlarge	VM_ST_TERMINATE (3103)	101	157	894	56	2	736	0.928	0.071	0.001
950	3	649	$0.8	VM-3	m3.large	VM_ST_TERMINATE (3103)	301	336	950	35	1	613	0.945	0.054	0.002
1036	5	435	$1.6	VM-5	m3.xlarge	VM_ST_TERMINATE (3103)	601	633	1036	32	1	402	0.924	0.074	0.002
1155	6	454	$1.6	VM-6	m3.xlarge	VM_ST_TERMINATE (3103)	701	752	1155	51	1	402	0.885	0.112	0.002
1261	7	460	$1.6	VM-7	m3.xlarge	VM_ST_TERMINATE (3103)	801	858	1261	57	1	402	0.874	0.124	0.002
1346	8	445	$1.6	VM-8	m3.xlarge	VM_ST_TERMINATE (3103)	901	943	1346	42	1	402	0.903	0.094	0.002
1454	9	453	$1.6	VM-9	m3.xlarge	VM_ST_TERMINATE (3103)	1001	1051	1454	50	1	402	0.887	0.110	0.002
1541	10	440	$1.6	VM-10	m3.xlarge	VM_ST_TERMINATE (3103)	1101	1138	1541	37	1	402	0.914	0.084	0.002
1639	11	438	$1.6	VM-11	m3.xlarge	VM_ST_TERMINATE (3103)	1201	1236	1639	35	1	402	0.918	0.080	0.002
1742	12	441	$1.6	VM-12	m3.xlarge	VM_ST_TERMINATE (3103)	1301	1339	1742	38	1	402	0.912	0.086	0.002
1862	13	461	$1.6	VM-13	m3.xlarge	VM_ST_TERMINATE (3103)	1401	1459	1862	58	1	402	0.872	0.126	0.002
1942	14	441	$1.6	VM-14	m3.xlarge	VM_ST_TERMINATE (3103)	1501	1539	1942	38	1	402	0.912	0.086	0.002
1993	15	392	$1.6	VM-15	m3.xlarge	VM_ST_TERMINATE (3103)	1601	1658	1993	57	1	334	0.852	0.145	0.003
2070	16	369	$1.6	VM-16	m3.xlarge	VM_ST_TERMINATE (3103)	1701	1735	2070	34	1	334	0.905	0.092	0.003
2468	18	567	$0.8	VM-18	m3.large	VM_ST_TERMINATE (3103)	1901	1957	2468	56	1	510	0.899	0.099	0.002
2546	19	545	$0.8	VM-19	m3.large	VM_ST_TERMINATE (3103)	2001	2035	2546	34	1	510	0.936	0.062	0.002
2651	21	450	$1.6	VM-21	m3.xlarge	VM_ST_TERMINATE (3103)	2201	2248	2651	47	1	402	0.893	0.104	0.002
2984	17	1183	$0.8	VM-17	m3.large	VM_ST_TERMINATE (3103)	1801	1860	2984	59	2	1123	0.949	0.050	0.001
3040	23	439	$1.6	VM-23	m3.xlarge	VM_ST_TERMINATE (3103)	2601	2637	3040	36	1	402	0.916	0.082	0.002
3143	24	442	$1.6	VM-24	m3.xlarge	VM_ST_TERMINATE (3103)	2701	2740	3143	39	1	402	0.910	0.088	0.002
3185	22	684	$1.6	VM-22	m3.xlarge	VM_ST_TERMINATE (3103)	2501	2550	3185	49	2	634	0.927	0.072	0.001
3288	20	1187	$1.6	VM-20	m3.xlarge	VM_ST_TERMINATE (3103)	2101	2149	3288	48	3	1138	0.959	0.040	0.001
3439	25	438	$1.6	VM-25	m3.xlarge	VM_ST_TERMINATE (3103)	3001	3036	3439	35	1	402	0.918	0.080	0.002
3544	26	443	$1.6	VM-26	m3.xlarge	VM_ST_TERMINATE (3103)	3101	3141	3544	40	1	402	0.907	0.090	0.002
3645	27	444	$1.6	VM-27	m3.xlarge	VM_ST_TERMINATE (3103)	3201	3242	3645	41	1	402	0.905	0.092	0.002
3758	28	457	$1.6	VM-28	m3.xlarge	VM_ST_TERMINATE (3103)	3301	3355	3758	54	1	402	0.880	0.118	0.002
3838	29	437	$1.6	VM-29	m3.xlarge	VM_ST_TERMINATE (3103)	3401	3435	3838	34	1	402	0.920	0.078	0.002
3964	30	463	$1.6	VM-30	m3.xlarge	VM_ST_TERMINATE (3103)	3501	3561	3964	60	1	402	0.868	0.130	0.002
3984	31	383	$1.6	VM-31	m3.xlarge	VM_ST_TERMINATE (3103)	3601	3649	3984	48	1	334	0.872	0.125	0.003
4095	32	394	$1.6	VM-32	m3.xlarge	VM_ST_TERMINATE (3103)	3701	3760	4095	59	1	334	0.848	0.150	0.003
4467	34	566	$0.8	VM-34	m3.large	VM_ST_TERMINATE (3103)	3901	3956	4467	55	1	510	0.901	0.097	0.002
4557	35	556	$0.8	VM-35	m3.large	VM_ST_TERMINATE (3103)	4001	4046	4557	45	1	510	0.917	0.081	0.002
4653	37	452	$1.6	VM-37	m3.xlarge	VM_ST_TERMINATE (3103)	4201	4250	4653	49	1	402	0.889	0.108	0.002
4772	38	271	$1.6	VM-38	m3.xlarge	VM_ST_TERMINATE (3103)	4501	4557	4772	56	1	214	0.790	0.207	0.004
4898	36	797	$1.6	VM-36	m3.xlarge	VM_ST_TERMINATE (3103)	4101	4161	4898	60	2	736	0.923	0.075	0.001
4970	33	1169	$0.8	VM-33	m3.large	VM_ST_TERMINATE (3103)	3801	3846	4970	45	2	1123	0.961	0.038	0.001
5061	39	460	$1.6	VM-39	m3.xlarge	VM_ST_TERMINATE (3103)	4601	4658	5061	57	1	402	0.874	0.124	0.002
5157	40	456	$1.6	VM-40	m3.xlarge	VM_ST_TERMINATE (3103)	4701	4754	5157	53	1	402	0.882	0.116	0.002
5235	41	434	$1.6	VM-41	m3.xlarge	VM_ST_TERMINATE (3103)	4801	4832	5235	31	1	402	0.926	0.071	0.002
5363	42	462	$1.6	VM-42	m3.xlarge	VM_ST_TERMINATE (3103)	4901	4960	5363	59	1	402	0.870	0.128	0.002
5441	43	440	$1.6	VM-43	m3.xlarge	VM_ST_TERMINATE (3103)	5001	5038	5441	37	1	402	0.914	0.084	0.002
5537	44	436	$1.6	VM-44	m3.xlarge	VM_ST_TERMINATE (3103)	5101	5134	5537	33	1	402	0.922	0.076	0.002
5663	45	462	$1.6	VM-45	m3.xlarge	VM_ST_TERMINATE (3103)	5201	5260	5663	59	1	402	0.870	0.128	0.002
5748	46	447	$1.6	VM-46	m3.xlarge	VM_ST_TERMINATE (3103)	5301	5345	5748	44	1	402	0.899	0.098	0.002
5838	47	437	$1.6	VM-47	m3.xlarge	VM_ST_TERMINATE (3103)	5401	5435	5838	34	1	402	0.920	0.078	0.002
5963	48	462	$1.6	VM-48	m3.xlarge	VM_ST_TERMINATE (3103)	5501	5560	5963	59	1	402	0.870	0.128	0.002
5992	49	391	$1.6	VM-49	m3.xlarge	VM_ST_TERMINATE (3103)	5601	5657	5992	56	1	334	0.854	0.143	0.003
6088	50	387	$1.6	VM-50	m3.xlarge	VM_ST_TERMINATE (3103)	5701	5753	6088	52	1	334	0.863	0.134	0.003
6462	52	561	$0.8	VM-52	m3.large	VM_ST_TERMINATE (3103)	5901	5951	6462	50	1	510	0.909	0.089	0.002
6550	53	549	$0.8	VM-53	m3.large	VM_ST_TERMINATE (3103)	6001	6039	6550	38	1	510	0.929	0.069	0.002
6652	55	451	$1.6	VM-55	m3.xlarge	VM_ST_TERMINATE (3103)	6201	6249	6652	48	1	402	0.891	0.106	0.002
6981	51	1180	$0.8	VM-51	m3.large	VM_ST_TERMINATE (3103)	5801	5857	6981	56	2	1123	0.952	0.047	0.001
7043	57	442	$1.6	VM-57	m3.xlarge	VM_ST_TERMINATE (3103)	6601	6640	7043	39	1	402	0.910	0.088	0.002
7134	58	433	$1.6	VM-58	m3.xlarge	VM_ST_TERMINATE (3103)	6701	6731	7134	30	1	402	0.928	0.069	0.002
7299	54	1198	$1.6	VM-54	m3.xlarge	VM_ST_TERMINATE (3103)	6101	6160	7299	59	3	1138	0.950	0.049	0.001
7336	56	835	$1.6	VM-56	m3.xlarge	VM_ST_TERMINATE (3103)	6501	6531	7336	30	2	804	0.963	0.036	0.001
7443	59	442	$1.6	VM-59	m3.xlarge	VM_ST_TERMINATE (3103)	7001	7040	7443	39	1	402	0.910	0.088	0.002
7543	60	442	$1.6	VM-60	m3.xlarge	VM_ST_TERMINATE (3103)	7101	7140	7543	39	1	402	0.910	0.088	0.002
7577	62	276	$1.6	VM-62	m3.xlarge	VM_ST_TERMINATE (3103)	7301	7335	7577	34	1	241	0.873	0.123	0.004
7649	61	448	$1.6	VM-61	m3.xlarge	VM_ST_TERMINATE (3103)	7201	7246	7649	45	1	402	0.897	0.100	0.002
7853	63	452	$1.6	VM-63	m3.xlarge	VM_ST_TERMINATE (3103)	7401	7450	7853	49	1	402	0.889	0.108	0.002
7937	64	436	$1.6	VM-64	m3.xlarge	VM_ST_TERMINATE (3103)	7501	7534	7937	33	1	402	0.922	0.076	0.002
7966	65	365	$1.6	VM-65	m3.xlarge	VM_ST_TERMINATE (3103)	7601	7631	7966	30	1	334	0.915	0.082	0.003
8067	66	366	$1.6	VM-66	m3.xlarge	VM_ST_TERMINATE (3103)	7701	7732	8067	31	1	334	0.913	0.085	0.003
8454	68	553	$0.8	VM-68	m3.large	VM_ST_TERMINATE (3103)	7901	7943	8454	42	1	510	0.922	0.076	0.002
8568	69	567	$0.8	VM-69	m3.large	VM_ST_TERMINATE (3103)	8001	8057	8568	56	1	510	0.899	0.099	0.002
8647	71	446	$1.6	VM-71	m3.xlarge	VM_ST_TERMINATE (3103)	8201	8244	8647	43	1	402	0.901	0.096	0.002
8959	67	1158	$0.8	VM-67	m3.large	VM_ST_TERMINATE (3103)	7801	7835	8959	34	2	1123	0.970	0.029	0.001
9063	73	462	$1.6	VM-73	m3.xlarge	VM_ST_TERMINATE (3103)	8601	8660	9063	59	1	402	0.870	0.128	0.002
9158	74	457	$1.6	VM-74	m3.xlarge	VM_ST_TERMINATE (3103)	8701	8755	9158	54	1	402	0.880	0.118	0.002
9287	70	1186	$1.6	VM-70	m3.xlarge	VM_ST_TERMINATE (3103)	8101	8148	9287	47	3	1138	0.960	0.040	0.001
9347	72	846	$1.6	VM-72	m3.xlarge	VM_ST_TERMINATE (3103)	8501	8542	9347	41	2	804	0.950	0.048	0.001
9452	75	451	$1.6	VM-75	m3.xlarge	VM_ST_TERMINATE (3103)	9001	9049	9452	48	1	402	0.891	0.106	0.002
9554	76	453	$1.6	VM-76	m3.xlarge	VM_ST_TERMINATE (3103)	9101	9151	9554	50	1	402	0.887	0.110	0.002
9647	77	446	$1.6	VM-77	m3.xlarge	VM_ST_TERMINATE (3103)	9201	9244	9647	43	1	402	0.901	0.096	0.002
9761	78	460	$1.6	VM-78	m3.xlarge	VM_ST_TERMINATE (3103)	9301	9358	9761	57	1	402	0.874	0.124	0.002
9846	79	445	$1.6	VM-79	m3.xlarge	VM_ST_TERMINATE (3103)	9401	9443	9846	42	1	402	0.903	0.094	0.002
9961	80	460	$1.6	VM-80	m3.xlarge	VM_ST_TERMINATE (3103)	9501	9558	9961	57	1	402	0.874	0.124	0.002
9974	81	373	$1.6	VM-81	m3.xlarge	VM_ST_TERMINATE (3103)	9601	9639	9974	38	1	334	0.895	0.102	0.003
10044	83	243	$0.8	VM-83	m3.large	VM_ST_TERMINATE (3103)	9801	9831	10044	30	1	212	0.872	0.123	0.004
10081	82	380	$1.6	VM-82	m3.xlarge	VM_ST_TERMINATE (3103)	9701	9746	10081	45	1	334	0.879	0.118	0.003
10445	84	544	$0.8	VM-84	m3.large	VM_ST_TERMINATE (3103)	9901	9934	10445	33	1	510	0.938	0.061	0.002
10562	85	561	$0.8	VM-85	m3.large	VM_ST_TERMINATE (3103)	10001	10051	10562	50	1	510	0.909	0.089	0.002
